2026-04-29 01:12:51 | INFO | Инициализация пула MySQL...
2026-04-29 01:12:51 | INFO | БД готова
2026-04-29 01:12:55 | INFO | Публичный URL: https://vacant-blizzard-emphatic.ngrok-free.dev
2026-05-03 13:37:52 | INFO | Инициализация пула MySQL...
2026-05-03 13:37:52 | INFO | БД готова
2026-05-03 13:37:56 | INFO | Публичный URL: https://vacant-blizzard-emphatic.ngrok-free.dev
2026-05-03 13:49:08 | INFO | Инициализация пула MySQL...
2026-05-03 13:49:08 | INFO | БД готова
2026-05-03 13:49:11 | INFO | Публичный URL: https://vacant-blizzard-emphatic.ngrok-free.dev
2026-05-03 13:49:39 | INFO | Видео загружено: user=17 id=21 size=719636B
2026-05-03 13:50:58 | INFO | Инициализация пула MySQL...
2026-05-03 13:50:58 | INFO | БД готова
2026-05-03 13:51:01 | INFO | Публичный URL: https://vacant-blizzard-emphatic.ngrok-free.dev
2026-05-03 13:53:06 | INFO | Инициализация пула MySQL...
2026-05-03 13:53:06 | INFO | БД готова
2026-05-03 13:53:10 | INFO | Публичный URL: https://vacant-blizzard-emphatic.ngrok-free.dev
2026-05-03 13:55:44 | INFO | Инициализация пула MySQL...
2026-05-03 13:55:45 | INFO | БД готова
2026-05-03 13:55:48 | INFO | Публичный URL: https://vacant-blizzard-emphatic.ngrok-free.dev
2026-05-03 16:13:49 | INFO | Инициализация пула MySQL...
2026-05-03 16:13:49 | INFO | БД готова
2026-05-03 16:13:53 | INFO | Публичный URL: https://vacant-blizzard-emphatic.ngrok-free.dev
2026-05-03 16:22:28 | INFO | Инициализация пула MySQL...
2026-05-03 16:22:28 | INFO | БД готова
2026-05-03 16:22:31 | INFO | Публичный URL: https://vacant-blizzard-emphatic.ngrok-free.dev
2026-05-03 16:25:17 | INFO | Инициализация пула MySQL...
2026-05-03 16:25:17 | INFO | БД готова
2026-05-03 16:25:20 | INFO | Публичный URL: https://vacant-blizzard-emphatic.ngrok-free.dev
2026-05-03 16:26:10 | INFO | Инициализация пула MySQL...
2026-05-03 16:26:10 | INFO | БД готова
2026-05-03 16:26:13 | INFO | Публичный URL: https://vacant-blizzard-emphatic.ngrok-free.dev
2026-05-03 16:26:34 | INFO | Инициализация пула MySQL...
2026-05-03 16:26:34 | INFO | БД готова
2026-05-03 16:26:37 | INFO | Публичный URL: https://vacant-blizzard-emphatic.ngrok-free.dev
2026-05-03 16:27:05 | INFO | Инициализация пула MySQL...
2026-05-03 16:27:05 | INFO | БД готова
2026-05-03 16:27:08 | INFO | Публичный URL: https://vacant-blizzard-emphatic.ngrok-free.dev
2026-05-03 16:35:13 | INFO | Инициализация пула MySQL...
2026-05-03 16:35:13 | INFO | БД готова
2026-05-03 16:35:16 | INFO | Публичный URL: https://vacant-blizzard-emphatic.ngrok-free.dev
2026-05-06 09:42:30 | INFO | Инициализация пула MySQL...
2026-05-06 09:42:30 | INFO | БД готова
2026-05-06 09:42:35 | INFO | Публичный URL: https://vacant-blizzard-emphatic.ngrok-free.dev
2026-05-06 09:57:16 | INFO | Инициализация пула MySQL...
2026-05-06 09:57:17 | INFO | БД готова
2026-05-06 09:57:34 | ERROR | ngrok: The ngrok process errored on start: failed to dial ngrok server with address "connect.us.ngrok-agent.com:443": dial tcp: lookup connect.us.ngrok-agent.com: no such host.
2026-05-06 10:01:31 | INFO | Инициализация пула MySQL...
2026-05-06 10:01:31 | INFO | БД готова
2026-05-06 10:01:35 | INFO | Публичный URL: https://vacant-blizzard-emphatic.ngrok-free.dev
